c:\users\hra\documents\github\bmp2msx\source\release\bsave.obj
c:\users\hra\documents\github\bmp2msx\source\release\calc.obj
c:\users\hra\documents\github\bmp2msx\source\release\convert.obj
c:\users\hra\documents\github\bmp2msx\source\release\fileuty.obj
c:\users\hra\documents\github\bmp2msx\source\release\main.obj
c:\users\hra\documents\github\bmp2msx\source\release\plugproc.obj
c:\users\hra\documents\github\bmp2msx\source\release\preview.obj
c:\users\hra\documents\github\bmp2msx\source\release\progproc.obj
c:\users\hra\documents\github\bmp2msx\source\release\scriptproc.obj
c:\users\hra\documents\github\bmp2msx\source\release\setting.obj
c:\users\hra\documents\github\bmp2msx\source\release\spitproc.obj
c:\users\hra\documents\github\bmp2msx\source\release\splug.obj
c:\users\hra\documents\github\bmp2msx\source\release\subproc.obj
c:\users\hra\documents\github\bmp2msx\source\release\utils.obj
c:\users\hra\documents\github\bmp2msx\source\release\ver.obj
c:\users\hra\documents\github\bmp2msx\source\release\winuty.obj
c:\users\hra\documents\github\bmp2msx\source\release\wndproc.obj
c:\users\hra\documents\github\bmp2msx\source\release\bmp2msx.ipdb
c:\users\hra\documents\github\bmp2msx\source\release\bmp2msx.iobj
c:\users\hra\documents\github\bmp2msx\source\release\resscript.res
c:\users\hra\documents\github\bmp2msx\source\release\bmp2msx.pdb
c:\users\hra\documents\github\bmp2msx\source\release\vc142.pdb
