  bsave.cpp
  calc.cpp
  Convert.cpp
  fileuty.cpp
  main.cpp
  PlugProc.cpp
  PreView.cpp
  ProgProc.cpp
  ScriptProc.cpp
  Setting.cpp
  SpitProc.cpp
  splug.cpp
  SubProc.cpp
  utils.cpp
  Ver.cpp
  winuty.cpp
  WndProc.cpp
  CalibrationProc.cpp
  winConvert.cpp
  コード生成しています。
  Previous IPDB not found, fall back to full compilation.
  All 311 functions were compiled because no usable IPDB/IOBJ from previous compilation was found.
  コード生成が終了しました。
  BMP2MSX.vcxproj -> C:\Users\hra\Documents\github\bmp2msx\source\Release\BMP2MSX.exe
