c:\users\hra\documents\github\bmp2msx\source\debug\vc142.pdb
c:\users\hra\documents\github\bmp2msx\source\debug\vc142.idb
c:\users\hra\documents\github\bmp2msx\source\debug\wndproc.obj
c:\users\hra\documents\github\bmp2msx\source\debug\winuty.obj
c:\users\hra\documents\github\bmp2msx\source\debug\ver.obj
c:\users\hra\documents\github\bmp2msx\source\debug\utils.obj
c:\users\hra\documents\github\bmp2msx\source\debug\subproc.obj
c:\users\hra\documents\github\bmp2msx\source\debug\splug.obj
c:\users\hra\documents\github\bmp2msx\source\debug\spitproc.obj
c:\users\hra\documents\github\bmp2msx\source\debug\setting.obj
c:\users\hra\documents\github\bmp2msx\source\debug\scriptproc.obj
c:\users\hra\documents\github\bmp2msx\source\debug\progproc.obj
c:\users\hra\documents\github\bmp2msx\source\debug\preview.obj
c:\users\hra\documents\github\bmp2msx\source\debug\plugproc.obj
c:\users\hra\documents\github\bmp2msx\source\debug\main.obj
c:\users\hra\documents\github\bmp2msx\source\debug\fileuty.obj
c:\users\hra\documents\github\bmp2msx\source\debug\convert.obj
c:\users\hra\documents\github\bmp2msx\source\debug\calc.obj
c:\users\hra\documents\github\bmp2msx\source\debug\bsave.obj
c:\users\hra\documents\github\bmp2msx\source\debug\calibrationproc.obj
c:\users\hra\documents\github\bmp2msx\source\debug\winconvert.obj
c:\users\hra\documents\github\bmp2msx\source\debug\bmp2msx.exe
c:\users\hra\documents\github\bmp2msx\source\debug\bmp2msx.pdb
c:\users\hra\documents\github\bmp2msx\source\debug\resscript.res
c:\users\hra\documents\github\bmp2msx\source\debug\bmp2msx.tlog\cl.command.1.tlog
c:\users\hra\documents\github\bmp2msx\source\debug\bmp2msx.tlog\cl.read.1.tlog
c:\users\hra\documents\github\bmp2msx\source\debug\bmp2msx.tlog\cl.write.1.tlog
c:\users\hra\documents\github\bmp2msx\source\debug\bmp2msx.tlog\link.command.1.tlog
c:\users\hra\documents\github\bmp2msx\source\debug\bmp2msx.tlog\link.read.1.tlog
c:\users\hra\documents\github\bmp2msx\source\debug\bmp2msx.tlog\link.write.1.tlog
c:\users\hra\documents\github\bmp2msx\source\debug\bmp2msx.tlog\rc.command.1.tlog
c:\users\hra\documents\github\bmp2msx\source\debug\bmp2msx.tlog\rc.read.1.tlog
c:\users\hra\documents\github\bmp2msx\source\debug\bmp2msx.tlog\rc.write.1.tlog
