c:\users\hra\documents\github\bmp2msx\source\releasee\bmp2msxe.ipdb
c:\users\hra\documents\github\bmp2msx\source\releasee\bmp2msxe.iobj
c:\users\hra\documents\github\bmp2msx\source\releasee\vc142.pdb
c:\users\hra\documents\github\bmp2msx\source\releasee\wndproc.obj
c:\users\hra\documents\github\bmp2msx\source\releasee\winuty.obj
c:\users\hra\documents\github\bmp2msx\source\releasee\ver.obj
c:\users\hra\documents\github\bmp2msx\source\releasee\utils.obj
c:\users\hra\documents\github\bmp2msx\source\releasee\subproc.obj
c:\users\hra\documents\github\bmp2msx\source\releasee\splug.obj
c:\users\hra\documents\github\bmp2msx\source\releasee\spitproc.obj
c:\users\hra\documents\github\bmp2msx\source\releasee\setting.obj
c:\users\hra\documents\github\bmp2msx\source\releasee\scriptproc.obj
c:\users\hra\documents\github\bmp2msx\source\releasee\progproc.obj
c:\users\hra\documents\github\bmp2msx\source\releasee\preview.obj
c:\users\hra\documents\github\bmp2msx\source\releasee\plugproc.obj
c:\users\hra\documents\github\bmp2msx\source\releasee\main.obj
c:\users\hra\documents\github\bmp2msx\source\releasee\fileuty.obj
c:\users\hra\documents\github\bmp2msx\source\releasee\convert.obj
c:\users\hra\documents\github\bmp2msx\source\releasee\calc.obj
c:\users\hra\documents\github\bmp2msx\source\releasee\bsave.obj
c:\users\hra\documents\github\bmp2msx\source\releasee\winconvert.obj
c:\users\hra\documents\github\bmp2msx\source\releasee\calibrationproc.obj
c:\users\hra\documents\github\bmp2msx\source\releasee\bmp2msxe.exe
c:\users\hra\documents\github\bmp2msx\source\releasee\bmp2msx.pdb
c:\users\hra\documents\github\bmp2msx\source\releasee\resscripte.res
c:\users\hra\documents\github\bmp2msx\source\releasee\bmp2msxe.tlog\bmp2msxe.write.1u.tlog
c:\users\hra\documents\github\bmp2msx\source\releasee\bmp2msxe.tlog\cl.command.1.tlog
c:\users\hra\documents\github\bmp2msx\source\releasee\bmp2msxe.tlog\cl.read.1.tlog
c:\users\hra\documents\github\bmp2msx\source\releasee\bmp2msxe.tlog\cl.write.1.tlog
c:\users\hra\documents\github\bmp2msx\source\releasee\bmp2msxe.tlog\link.command.1.tlog
c:\users\hra\documents\github\bmp2msx\source\releasee\bmp2msxe.tlog\link.read.1.tlog
c:\users\hra\documents\github\bmp2msx\source\releasee\bmp2msxe.tlog\link.write.1.tlog
c:\users\hra\documents\github\bmp2msx\source\releasee\bmp2msxe.tlog\rc.command.1.tlog
c:\users\hra\documents\github\bmp2msx\source\releasee\bmp2msxe.tlog\rc.read.1.tlog
c:\users\hra\documents\github\bmp2msx\source\releasee\bmp2msxe.tlog\rc.write.1.tlog
